<?xml version="1.0" encoding="UTF-8" ?>
<testsuite tests="31" failures="0" name="domain.UserTest" time="0.001" errors="0" skipped="0">
  <properties>
[...]
</properties>
  <testcase classname="domain.UserTest" name="getWebsite" time="0"/>
  <testcase classname="domain.UserTest" name="test_constructor_usernameNull" time="0"/>
  <testcase classname="domain.UserTest" name="setProfilePicturePath" time="0"/>
  <testcase classname="domain.UserTest" name="test_constructor_right" time="0"/>
  <testcase classname="domain.UserTest" name="test_constructor_profilePicturePathNull" time="0.001"/>
  <testcase classname="domain.UserTest" name="test_constructor_nameNull" time="0"/>
  <testcase classname="domain.UserTest" name="follow" time="0"/>
  <testcase classname="domain.UserTest" name="getBio" time="0"/>
  <testcase classname="domain.UserTest" name="setPassword" time="0"/>
  <testcase classname="domain.UserTest" name="getPassword" time="0"/>
  <testcase classname="domain.UserTest" name="test_constructor_emailEmpty" time="0"/>
  <testcase classname="domain.UserTest" name="setBio" time="0"/>
  <testcase classname="domain.UserTest" name="isModerator" time="0"/>
  <testcase classname="domain.UserTest" name="setLocation" time="0"/>
  <testcase classname="domain.UserTest" name="unfollow" time="0"/>
  <testcase classname="domain.UserTest" name="getLocation" time="0"/>
  <testcase classname="domain.UserTest" name="setWebsite" time="0"/>
  <testcase classname="domain.UserTest" name="getName" time="0"/>
  <testcase classname="domain.UserTest" name="test_constructor_emailNull" time="0"/>
  <testcase classname="domain.UserTest" name="getProfilePicturePath" time="0"/>
  <testcase classname="domain.UserTest" name="getFollowers" time="0"/>
  <testcase classname="domain.UserTest" name="getFollowing" time="0"/>
  <testcase classname="domain.UserTest" name="test_constructor_passwordEmpty" time="0"/>
  <testcase classname="domain.UserTest" name="setEmail" time="0"/>
  <testcase classname="domain.UserTest" name="getMessages" time="0"/>
  <testcase classname="domain.UserTest" name="setUsername" time="0"/>
  <testcase classname="domain.UserTest" name="getUsername" time="0"/>
  <testcase classname="domain.UserTest" name="test_constructor_passwordNull" time="0"/>
  <testcase classname="domain.UserTest" name="getEmail" time="0"/>
  <testcase classname="domain.UserTest" name="setName" time="0"/>
  <testcase classname="domain.UserTest" name="test_constructor_usernameEmpty" time="0"/>
</testsuite>